2015-02-20 22:53:59 WARN  HibernatePersistence:58 - HHH015016: Encountered a deprecated javax.persistence.spi.PersistenceProvider [org.hibernate.ejb.HibernatePersistence]; use [org.hibernate.jpa.HibernatePersistenceProvider] instead.
2015-02-20 22:53:59 WARN  HibernatePersistence:58 - HHH015016: Encountered a deprecated javax.persistence.spi.PersistenceProvider [org.hibernate.ejb.HibernatePersistence]; use [org.hibernate.jpa.HibernatePersistenceProvider] instead.
2015-02-20 22:53:59 WARN  HibernatePersistence:58 - HHH015016: Encountered a deprecated javax.persistence.spi.PersistenceProvider [org.hibernate.ejb.HibernatePersistence]; use [org.hibernate.jpa.HibernatePersistenceProvider] instead.
2015-02-20 22:54:00 INFO  LogHelper:46 - HHH000204: Processing PersistenceUnitInfo [
	name: eCare
	...]
2015-02-20 22:54:01 INFO  Version:54 - HHH000412: Hibernate Core {4.3.8.Final}
2015-02-20 22:54:01 INFO  Environment:239 - HHH000206: hibernate.properties not found
2015-02-20 22:54:01 INFO  Environment:346 - HHH000021: Bytecode provider name : javassist
2015-02-20 22:54:02 INFO  Version:66 - HCANN000001: Hibernate Commons Annotations {4.0.5.Final}
2015-02-20 22:54:02 WARN  DriverManagerConnectionProviderImpl:93 - HHH000402: Using Hibernate built-in connection pool (not for production use!)
2015-02-20 22:54:02 INFO  DriverManagerConnectionProviderImpl:166 - HHH000401: using driver [com.mysql.jdbc.Driver] at URL [jdbc:mysql://localhost:3306/eCare_DB]
2015-02-20 22:54:02 INFO  DriverManagerConnectionProviderImpl:175 - HHH000046: Connection properties: {user=root, password=****}
2015-02-20 22:54:02 INFO  DriverManagerConnectionProviderImpl:180 - HHH000006: Autocommit mode: false
2015-02-20 22:54:02 INFO  DriverManagerConnectionProviderImpl:102 - HHH000115: Hibernate connection pool size: 20 (min=1)
2015-02-20 22:54:03 INFO  Dialect:145 - HHH000400: Using dialect: org.hibernate.dialect.MySQL5Dialect
2015-02-20 22:54:03 INFO  ASTQueryTranslatorFactory:47 - HHH000397: Using ASTQueryTranslatorFactory
2015-02-20 22:54:05 INFO  DriverManagerConnectionProviderImpl:281 - HHH000030: Cleaning up connection pool [jdbc:mysql://localhost:3306/eCare_DB]
2015-02-20 22:54:34 WARN  HibernatePersistence:58 - HHH015016: Encountered a deprecated javax.persistence.spi.PersistenceProvider [org.hibernate.ejb.HibernatePersistence]; use [org.hibernate.jpa.HibernatePersistenceProvider] instead.
2015-02-20 22:54:34 WARN  HibernatePersistence:58 - HHH015016: Encountered a deprecated javax.persistence.spi.PersistenceProvider [org.hibernate.ejb.HibernatePersistence]; use [org.hibernate.jpa.HibernatePersistenceProvider] instead.
2015-02-20 22:54:34 WARN  HibernatePersistence:58 - HHH015016: Encountered a deprecated javax.persistence.spi.PersistenceProvider [org.hibernate.ejb.HibernatePersistence]; use [org.hibernate.jpa.HibernatePersistenceProvider] instead.
2015-02-20 22:54:34 INFO  LogHelper:46 - HHH000204: Processing PersistenceUnitInfo [
	name: eCare
	...]
2015-02-20 22:54:35 INFO  Version:54 - HHH000412: Hibernate Core {4.3.8.Final}
2015-02-20 22:54:35 INFO  Environment:239 - HHH000206: hibernate.properties not found
2015-02-20 22:54:35 INFO  Environment:346 - HHH000021: Bytecode provider name : javassist
2015-02-20 22:54:36 INFO  Version:66 - HCANN000001: Hibernate Commons Annotations {4.0.5.Final}
2015-02-20 22:54:36 WARN  DriverManagerConnectionProviderImpl:93 - HHH000402: Using Hibernate built-in connection pool (not for production use!)
2015-02-20 22:54:36 INFO  DriverManagerConnectionProviderImpl:166 - HHH000401: using driver [com.mysql.jdbc.Driver] at URL [jdbc:mysql://localhost:3306/eCare_DB]
2015-02-20 22:54:36 INFO  DriverManagerConnectionProviderImpl:175 - HHH000046: Connection properties: {user=root, password=****}
2015-02-20 22:54:36 INFO  DriverManagerConnectionProviderImpl:180 - HHH000006: Autocommit mode: false
2015-02-20 22:54:36 INFO  DriverManagerConnectionProviderImpl:102 - HHH000115: Hibernate connection pool size: 20 (min=1)
2015-02-20 22:54:37 INFO  Dialect:145 - HHH000400: Using dialect: org.hibernate.dialect.MySQL5Dialect
2015-02-20 22:54:38 INFO  ASTQueryTranslatorFactory:47 - HHH000397: Using ASTQueryTranslatorFactory
2015-02-20 22:54:40 INFO  DriverManagerConnectionProviderImpl:281 - HHH000030: Cleaning up connection pool [jdbc:mysql://localhost:3306/eCare_DB]
2015-02-20 22:55:57 WARN  HibernatePersistence:58 - HHH015016: Encountered a deprecated javax.persistence.spi.PersistenceProvider [org.hibernate.ejb.HibernatePersistence]; use [org.hibernate.jpa.HibernatePersistenceProvider] instead.
2015-02-20 22:55:57 WARN  HibernatePersistence:58 - HHH015016: Encountered a deprecated javax.persistence.spi.PersistenceProvider [org.hibernate.ejb.HibernatePersistence]; use [org.hibernate.jpa.HibernatePersistenceProvider] instead.
2015-02-20 22:55:57 WARN  HibernatePersistence:58 - HHH015016: Encountered a deprecated javax.persistence.spi.PersistenceProvider [org.hibernate.ejb.HibernatePersistence]; use [org.hibernate.jpa.HibernatePersistenceProvider] instead.
2015-02-20 22:55:58 INFO  LogHelper:46 - HHH000204: Processing PersistenceUnitInfo [
	name: eCare
	...]
2015-02-20 22:55:58 INFO  Version:54 - HHH000412: Hibernate Core {4.3.8.Final}
2015-02-20 22:55:58 INFO  Environment:239 - HHH000206: hibernate.properties not found
2015-02-20 22:55:58 INFO  Environment:346 - HHH000021: Bytecode provider name : javassist
2015-02-20 22:55:59 INFO  Version:66 - HCANN000001: Hibernate Commons Annotations {4.0.5.Final}
2015-02-20 22:55:59 WARN  DriverManagerConnectionProviderImpl:93 - HHH000402: Using Hibernate built-in connection pool (not for production use!)
2015-02-20 22:55:59 INFO  DriverManagerConnectionProviderImpl:166 - HHH000401: using driver [com.mysql.jdbc.Driver] at URL [jdbc:mysql://localhost:3306/eCare_DB]
2015-02-20 22:55:59 INFO  DriverManagerConnectionProviderImpl:175 - HHH000046: Connection properties: {user=root, password=****}
2015-02-20 22:55:59 INFO  DriverManagerConnectionProviderImpl:180 - HHH000006: Autocommit mode: false
2015-02-20 22:55:59 INFO  DriverManagerConnectionProviderImpl:102 - HHH000115: Hibernate connection pool size: 20 (min=1)
2015-02-20 22:56:01 INFO  Dialect:145 - HHH000400: Using dialect: org.hibernate.dialect.MySQL5Dialect
2015-02-20 22:56:02 INFO  ASTQueryTranslatorFactory:47 - HHH000397: Using ASTQueryTranslatorFactory
2015-02-20 22:56:03 INFO  DriverManagerConnectionProviderImpl:281 - HHH000030: Cleaning up connection pool [jdbc:mysql://localhost:3306/eCare_DB]
